\BOOKMARK [0][-]{part.1}{\376\377\000I\000\040\000A\000p\000p\000r\000o\000s\000s\000i\000m\000a\000z\000i\000o\000n\000e\000\040\000N\000u\000m\000e\000r\000i\000c\000a}{}% 1
\BOOKMARK [1][-]{section.1}{\376\377\000E\000s\000e\000r\000c\000i\000z\000i\000o\000\040\0001\000.\0002\000.\0001}{part.1}% 2
\BOOKMARK [2][-]{subsection.1.1}{\376\377\000P\000r\000o\000b\000l\000e\000m\000\040\000S\000t\000a\000t\000e\000m\000e\000n\000t}{section.1}% 3
\BOOKMARK [2][-]{subsection.1.2}{\376\377\000P\000r\000e\000m\000e\000s\000s\000a\000\040\000T\000e\000o\000r\000i\000c\000a}{section.1}% 4
\BOOKMARK [2][-]{subsection.1.3}{\376\377\000M\000e\000t\000o\000d\000i\000\040\000N\000u\000m\000e\000r\000i\000c\000i\000\040\000e\000\040\000A\000l\000g\000o\000r\000i\000t\000m\000i}{section.1}% 5
\BOOKMARK [2][-]{subsection.1.4}{\376\377\000R\000i\000s\000u\000l\000t\000a\000t\000i\000\040\000e\000\040\000D\000i\000s\000c\000u\000s\000s\000i\000o\000n\000e}{section.1}% 6
\BOOKMARK [0][-]{part.2}{\376\377\000I\000I\000\040\000M\000a\000t\000r\000i\000c\000i\000\040\000e\000\040\000S\000i\000s\000t\000e\000m\000i\000\040\000L\000i\000n\000e\000a\000r\000i}{}% 7
\BOOKMARK [1][-]{section.2}{\376\377\000E\000s\000e\000r\000c\000i\000z\000i\000o\000\040\0002\000.\0001\000.\0001}{part.2}% 8
\BOOKMARK [2][-]{subsection.2.1}{\376\377\000P\000r\000o\000b\000l\000e\000m\000\040\000S\000t\000a\000t\000e\000m\000e\000n\000t}{section.2}% 9
\BOOKMARK [2][-]{subsection.2.2}{\376\377\000P\000r\000e\000m\000e\000s\000s\000a\000\040\000T\000e\000o\000r\000i\000c\000a}{section.2}% 10
\BOOKMARK [2][-]{subsection.2.3}{\376\377\000M\000e\000t\000o\000d\000i\000\040\000N\000u\000m\000e\000r\000i\000c\000i\000\040\000e\000\040\000A\000l\000g\000o\000r\000i\000t\000m\000i}{section.2}% 11
\BOOKMARK [2][-]{subsection.2.4}{\376\377\000R\000i\000s\000u\000l\000t\000a\000t\000i\000\040\000e\000\040\000D\000i\000s\000c\000u\000s\000s\000i\000o\000n\000e}{section.2}% 12
\BOOKMARK [1][-]{section.3}{\376\377\000E\000s\000e\000r\000c\000i\000z\000i\000o\000\040\0002\000.\0002\000.\0001}{part.2}% 13
\BOOKMARK [2][-]{subsection.3.1}{\376\377\000P\000r\000o\000b\000l\000e\000m\000\040\000S\000t\000a\000t\000e\000m\000e\000n\000t}{section.3}% 14
\BOOKMARK [2][-]{subsection.3.2}{\376\377\000P\000r\000e\000m\000e\000s\000s\000a\000\040\000T\000e\000o\000r\000i\000c\000a}{section.3}% 15
\BOOKMARK [2][-]{subsection.3.3}{\376\377\000M\000e\000t\000o\000d\000i\000\040\000N\000u\000m\000e\000r\000i\000c\000i\000\040\000e\000\040\000A\000l\000g\000o\000r\000i\000t\000m\000i}{section.3}% 16
\BOOKMARK [2][-]{subsection.3.4}{\376\377\000R\000i\000s\000u\000l\000t\000a\000t\000i\000\040\000e\000\040\000D\000i\000s\000c\000u\000s\000s\000i\000o\000n\000e}{section.3}% 17
\BOOKMARK [0][-]{part.3}{\376\377\000I\000I\000I\000\040\000R\000i\000c\000e\000r\000c\000a\000\040\000d\000e\000g\000l\000i\000\040\000A\000u\000t\000o\000v\000a\000l\000o\000r\000i}{}% 18
\BOOKMARK [1][-]{section.4}{\376\377\000E\000s\000e\000r\000c\000i\000z\000i\000o\000\040\0003\000.\0001\000.\0001}{part.3}% 19
\BOOKMARK [2][-]{subsection.4.1}{\376\377\000P\000r\000o\000b\000l\000e\000m\000\040\000S\000t\000a\000t\000e\000m\000e\000n\000t}{section.4}% 20
\BOOKMARK [2][-]{subsection.4.2}{\376\377\000P\000r\000e\000m\000e\000s\000s\000a\000\040\000T\000e\000o\000r\000i\000c\000a}{section.4}% 21
\BOOKMARK [2][-]{subsection.4.3}{\376\377\000M\000e\000t\000o\000d\000i\000\040\000N\000u\000m\000e\000r\000i\000c\000i\000\040\000e\000\040\000A\000l\000g\000o\000r\000i\000t\000m\000i}{section.4}% 22
\BOOKMARK [2][-]{subsection.4.4}{\376\377\000R\000i\000s\000u\000l\000t\000a\000t\000i\000\040\000e\000\040\000D\000i\000s\000c\000u\000s\000s\000i\000o\000n\000e}{section.4}% 23
\BOOKMARK [1][-]{section.5}{\376\377\000E\000s\000e\000r\000c\000i\000z\000i\000o\000\040\0003\000.\0002\000.\0001}{part.3}% 24
\BOOKMARK [2][-]{subsection.5.1}{\376\377\000P\000r\000o\000b\000l\000e\000m\000\040\000S\000t\000a\000t\000e\000m\000e\000n\000t}{section.5}% 25
\BOOKMARK [2][-]{subsection.5.2}{\376\377\000P\000r\000e\000m\000e\000s\000s\000a\000\040\000T\000e\000o\000r\000i\000c\000a}{section.5}% 26
\BOOKMARK [2][-]{subsection.5.3}{\376\377\000M\000e\000t\000o\000d\000i\000\040\000N\000u\000m\000e\000r\000i\000c\000i\000\040\000e\000\040\000A\000l\000g\000o\000r\000i\000t\000m\000i}{section.5}% 27
\BOOKMARK [2][-]{subsection.5.4}{\376\377\000R\000i\000s\000u\000l\000t\000a\000t\000i\000\040\000e\000\040\000D\000i\000s\000c\000u\000s\000s\000i\000o\000n\000e}{section.5}% 28
\BOOKMARK [0][-]{part.4}{\376\377\000I\000V\000\040\000I\000n\000t\000e\000r\000p\000o\000l\000a\000z\000i\000o\000n\000e\000\040\000e\000\040\000F\000i\000t\000t\000i\000n\000g}{}% 29
\BOOKMARK [1][-]{section.6}{\376\377\000E\000s\000e\000r\000c\000i\000z\000i\000o\000\040\0004\000.\0001\000.\0001}{part.4}% 30
\BOOKMARK [2][-]{subsection.6.1}{\376\377\000P\000r\000o\000b\000l\000e\000m\000\040\000S\000t\000a\000t\000e\000m\000e\000n\000t}{section.6}% 31
\BOOKMARK [2][-]{subsection.6.2}{\376\377\000P\000r\000e\000m\000e\000s\000s\000a\000\040\000T\000e\000o\000r\000i\000c\000a}{section.6}% 32
\BOOKMARK [2][-]{subsection.6.3}{\376\377\000M\000e\000t\000o\000d\000i\000\040\000N\000u\000m\000e\000r\000i\000c\000i\000\040\000e\000\040\000A\000l\000g\000o\000r\000i\000t\000m\000i}{section.6}% 33
\BOOKMARK [2][-]{subsection.6.4}{\376\377\000R\000i\000s\000u\000l\000t\000a\000t\000i\000\040\000e\000\040\000D\000i\000s\000c\000u\000s\000s\000i\000o\000n\000e}{section.6}% 34
\BOOKMARK [1][-]{section.7}{\376\377\000E\000s\000e\000r\000c\000i\000z\000i\000o\000\040\0004\000.\0002\000.\0001}{part.4}% 35
\BOOKMARK [2][-]{subsection.7.1}{\376\377\000P\000r\000o\000b\000l\000e\000m\000\040\000S\000t\000a\000t\000e\000m\000e\000n\000t}{section.7}% 36
\BOOKMARK [2][-]{subsection.7.2}{\376\377\000P\000r\000e\000m\000e\000s\000s\000a\000\040\000T\000e\000o\000r\000i\000c\000a}{section.7}% 37
\BOOKMARK [2][-]{subsection.7.3}{\376\377\000M\000e\000t\000o\000d\000i\000\040\000N\000u\000m\000e\000r\000i\000c\000i\000\040\000e\000\040\000A\000l\000g\000o\000r\000i\000t\000m\000i}{section.7}% 38
\BOOKMARK [2][-]{subsection.7.4}{\376\377\000R\000i\000s\000u\000l\000t\000a\000t\000i\000\040\000e\000\040\000D\000i\000s\000c\000u\000s\000s\000i\000o\000n\000e}{section.7}% 39
\BOOKMARK [1][-]{section.8}{\376\377\000E\000s\000e\000r\000c\000i\000z\000i\000o\000\040\0004\000.\0004\000.\0001}{part.4}% 40
\BOOKMARK [2][-]{subsection.8.1}{\376\377\000P\000r\000o\000b\000l\000e\000m\000\040\000S\000t\000a\000t\000e\000m\000e\000n\000t}{section.8}% 41
\BOOKMARK [2][-]{subsection.8.2}{\376\377\000P\000r\000e\000m\000e\000s\000s\000a\000\040\000T\000e\000o\000r\000i\000c\000a}{section.8}% 42
\BOOKMARK [2][-]{subsection.8.3}{\376\377\000M\000e\000t\000o\000d\000i\000\040\000N\000u\000m\000e\000r\000i\000c\000i\000\040\000e\000\040\000A\000l\000g\000o\000r\000i\000t\000m\000i}{section.8}% 43
\BOOKMARK [2][-]{subsection.8.4}{\376\377\000R\000i\000s\000u\000l\000t\000a\000t\000i\000\040\000e\000\040\000D\000i\000s\000c\000u\000s\000s\000i\000o\000n\000e}{section.8}% 44
\BOOKMARK [1][-]{section.9}{\376\377\000E\000s\000e\000r\000c\000i\000z\000i\000o\000\040\0004\000.\0005\000.\0001}{part.4}% 45
\BOOKMARK [2][-]{subsection.9.1}{\376\377\000P\000r\000o\000b\000l\000e\000m\000\040\000S\000t\000a\000t\000e\000m\000e\000n\000t}{section.9}% 46
\BOOKMARK [2][-]{subsection.9.2}{\376\377\000P\000r\000e\000m\000e\000s\000s\000a\000\040\000T\000e\000o\000r\000i\000c\000a}{section.9}% 47
\BOOKMARK [2][-]{subsection.9.3}{\376\377\000M\000e\000t\000o\000d\000i\000\040\000N\000u\000m\000e\000r\000i\000c\000i\000\040\000e\000\040\000A\000l\000g\000o\000r\000i\000t\000m\000i}{section.9}% 48
\BOOKMARK [2][-]{subsection.9.4}{\376\377\000R\000i\000s\000u\000l\000t\000a\000t\000i\000\040\000e\000\040\000D\000i\000s\000c\000u\000s\000s\000i\000o\000n\000e}{section.9}% 49
